DEPRECATED: The legacy builder is deprecated and will be removed in a future release.
            Install the buildx component to build images with BuildKit:
            https://docs.docker.com/go/buildx/

Sending build context to Docker daemon  9.728kB
Step 1/8 : FROM nginx:alpine
 ---> 812d47f806db
Step 2/8 : LABEL org.opencontainers.image.title="dev-workstation-web"       org.opencontainers.image.description="커스텀 Nginx 웹 서버"       org.opencontainers.image.version="1.0.0"
 ---> Using cache
 ---> 146abeed535c
Step 3/8 : ENV APP_ENV=dev     APP_NAME="Dev Workstation"     NGINX_PORT=80
 ---> Using cache
 ---> 214cc5f7ed91
Step 4/8 : COPY nginx/default.conf /etc/nginx/conf.d/default.conf
 ---> 8efba4b17690
Step 5/8 : COPY site/ /usr/share/nginx/html/
 ---> ae88eb3957d5
Step 6/8 : EXPOSE 80
 ---> Running in 5a667a92f9d6
 ---> Removed intermediate container 5a667a92f9d6
 ---> 59b085d0c008
Step 7/8 : HEALTHCHECK --interval=30s --timeout=5s --start-period=5s --retries=3   CMD wget -qO- http://localhost/health || exit 1
 ---> Running in 65b920251262
 ---> Removed intermediate container 65b920251262
 ---> b1c997f8ccc2
Step 8/8 : CMD ["nginx", "-g", "daemon off;"]
 ---> Running in b20283ebde75
 ---> Removed intermediate container b20283ebde75
 ---> db59c963e9f9
Successfully built db59c963e9f9
Successfully tagged my-web:1.0
