=== Docker 환경 점검 결과 ===
일시: 2026. 04. 24. (금) 16:44:36 KST

--- docker --version ---
Docker version 28.2.2, build 28.2.2-0ubuntu1~24.04.1

--- docker version ---
Client:
 Version:           28.2.2
 API version:       1.50
 Go version:        go1.23.1
 Git commit:        28.2.2-0ubuntu1~24.04.1
 Built:             Wed Sep 10 14:16:39 2025
 OS/Arch:           linux/amd64
 Context:           default

Server:
 Engine:
  Version:          28.2.2
  API version:      1.50 (minimum version 1.24)
  Go version:       go1.23.1
  Git commit:       28.2.2-0ubuntu1~24.04.1
  Built:            Wed Sep 10 14:16:39 2025
  OS/Arch:          linux/amd64
  Experimental:     false
 containerd:
  Version:          1.7.28
  GitCommit:        
 runc:
  Version:          1.3.3-0ubuntu1~24.04.3
  GitCommit:        
 docker-init:
  Version:          0.19.0
  GitCommit:        

--- docker info ---
Client:
 Version:    28.2.2
 Context:    default
 Debug Mode: false

Server:
 Containers: 7
  Running: 2
  Paused: 0
  Stopped: 5
 Images: 11
 Server Version: 28.2.2
 Storage Driver: overlay2
  Backing Filesystem: extfs
  Supports d_type: true
  Using metacopy: false
  Native Overlay Diff: true
  userxattr: false
 Logging Driver: json-file
 Cgroup Driver: systemd
 Cgroup Version: 2
 Plugins:
  Volume: local
  Network: bridge host ipvlan macvlan null overlay
  Log: awslogs fluentd gcplogs gelf journald json-file local splunk syslog
 CDI spec directories:
  /etc/cdi
  /var/run/cdi
 Swarm: inactive
 Runtimes: io.containerd.runc.v2 runc
 Default Runtime: runc
 Init Binary: docker-init
 containerd version: 
 runc version: 
 init version: 
 Security Options:
  apparmor
  seccomp
   Profile: builtin
  cgroupns
 Kernel Version: 6.14.0-37-generic
 Operating System: Linux Mint 22.3
 OSType: linux
 Architecture: x86_64
 CPUs: 12
 Total Memory: 7.104GiB
 Name: ljh-HP-Laptop-15-fc0xxx
 ID: 29d5f7f1-d453-46d7-94f9-fbee52221ebb
 Docker Root Dir: /var/lib/docker
 Debug Mode: false
 Experimental: false
 Insecure Registries:
  ::1/128
  127.0.0.0/8
 Live Restore Enabled: false

