=== Git 설정 로그 ===
일시: 2026. 04. 24. (금) 16:45:49 KST

--- git --version ---
git version 2.43.0

--- git config --list ---
user.email=dev@example.com
user.name=Dev User
credential.https://github.com.helper=
credential.https://github.com.helper=!/usr/bin/gh auth git-credential
credential.https://github.com.helper=
credential.https://gist.github.com.helper=
credential.https://gist.github.com.helper=!/usr/bin/gh auth git-credential
init.defaultbranch=main
core.editor=code --wait
core.quotepath=false
core.autocrlf=input
core.repositoryformatversion=0
core.filemode=true
core.bare=false
core.logallrefupdates=true

--- git log --oneline ---
eabba0b feat: 개발 워크스테이션 초기 구성

--- git remote -v ---
