
[1;33m========== 1. 현재 위치 확인 ==========[0m
/home/ljh/dev-workstation
[0;32m[OK][0m 현재 디렉토리: /home/ljh/dev-workstation

[1;33m========== 2. 디렉토리 생성 (mkdir -p) ==========[0m
total 28
drwxrwxr-x 6 ljh ljh 4096  4월 19 13:32 .
drwxrwxr-x 8 ljh ljh 4096  4월 19 15:26 ..
-rw-rw-r-- 1 ljh ljh   34  4월 19 15:42 .hidden_config
drwxrwxr-x 2 ljh ljh 4096  4월 19 13:32 backup
drwxrwxr-x 2 ljh ljh 4096  4월 19 15:42 docs
drwxrwxr-x 4 ljh ljh 4096  4월 19 13:32 permissions_test
drwxrwxr-x 2 ljh ljh 4096  4월 19 13:32 scripts
[0;32m[OK][0m 디렉토리 생성 완료

[1;33m========== 3. 파일 생성 및 내용 확인 ==========[0m
[0;36m[INFO][0m hello.txt 내용:
안녕하세요!
이 파일은 터미널 실습을 위해 생성되었습니다.
작성일: $(date)
작성일: 2026. 04. 19. (일) 16:04:08 KST
[0;36m[INFO][0m 빈 파일 확인 (touch):
-rw-rw-r-- 1 ljh ljh 0  4월 19 16:04 practice/docs/empty.txt
[0;32m[OK][0m 파일 생성 완료

[1;33m========== 4. 숨김 파일 포함 ls -la ==========[0m
total 28
drwxrwxr-x 6 ljh ljh 4096  4월 19 13:32 .
drwxrwxr-x 8 ljh ljh 4096  4월 19 15:26 ..
-rw-rw-r-- 1 ljh ljh   34  4월 19 16:04 .hidden_config
drwxrwxr-x 2 ljh ljh 4096  4월 19 13:32 backup
drwxrwxr-x 2 ljh ljh 4096  4월 19 16:04 docs
drwxrwxr-x 4 ljh ljh 4096  4월 19 13:32 permissions_test
drwxrwxr-x 2 ljh ljh 4096  4월 19 13:32 scripts
[0;32m[OK][0m 숨김 파일(.hidden_config) 포함 목록 확인

[1;33m========== 5. 파일 복사 (cp) ==========[0m
[0;36m[INFO][0m 복사 결과:
total 12
drwxrwxr-x 2 ljh ljh 4096  4월 19 13:32 .
drwxrwxr-x 6 ljh ljh 4096  4월 19 13:32 ..
-rw-rw-r-- 1 ljh ljh  144  4월 19 16:04 hello_backup.txt
[0;32m[OK][0m 복사 완료: hello.txt → backup/hello_backup.txt

[1;33m========== 6. 파일 이름 변경 (mv) ==========[0m
[0;36m[INFO][0m 이름 변경 결과:
total 16
drwxrwxr-x 2 ljh ljh 4096  4월 19 16:04 .
drwxrwxr-x 6 ljh ljh 4096  4월 19 13:32 ..
-rw-rw-r-- 1 ljh ljh    0  4월 19 16:04 empty.txt
-rw-rw-r-- 1 ljh ljh  144  4월 19 16:04 hello.txt
-rw-rw-r-- 1 ljh ljh  144  4월 19 16:04 new_name.txt
[0;32m[OK][0m 이름 변경 완료: old_name.txt → new_name.txt

[1;33m========== 7. 파일 삭제 (rm) ==========[0m
[0;36m[INFO][0m 삭제 전:
empty.txt
hello.txt
new_name.txt
[0;36m[INFO][0m 삭제 후:
hello.txt
[0;32m[OK][0m 파일 삭제 완료

[1;33m========== 8. 디렉토리 이동 (절대/상대 경로) ==========[0m
[0;36m[INFO][0m 현재 위치: /home/ljh/dev-workstation
[0;36m[INFO][0m cd practice/docs 후: /home/ljh/dev-workstation/practice/docs  ← 상대 경로
[0;36m[INFO][0m cd $WORKDIR 후: /home/ljh/dev-workstation      ← 절대 경로
[0;32m[OK][0m 이동 완료

[1;33m========== 실습 완료 - 최종 디렉토리 구조 ==========[0m
/home/ljh/dev-workstation/practice
/home/ljh/dev-workstation/practice/.hidden_config
/home/ljh/dev-workstation/practice/backup
/home/ljh/dev-workstation/practice/backup/hello_backup.txt
/home/ljh/dev-workstation/practice/docs
/home/ljh/dev-workstation/practice/docs/hello.txt
/home/ljh/dev-workstation/practice/permissions_test
/home/ljh/dev-workstation/practice/permissions_test/secret.txt
/home/ljh/dev-workstation/practice/permissions_test/symbolic_test.txt
/home/ljh/dev-workstation/practice/permissions_test/test_dir_private
/home/ljh/dev-workstation/practice/permissions_test/test_dir_public
/home/ljh/dev-workstation/practice/permissions_test/test_file.txt
/home/ljh/dev-workstation/practice/permissions_test/test_script.sh
/home/ljh/dev-workstation/practice/scripts

[0;32m[OK][0m 01_terminal_basics.sh 완료!
  결과 위치: /home/ljh/dev-workstation/practice
  다음 단계: bash 02_permissions.sh

[1;33m========== 권한 표기 이론 (r/w/x) ==========[0m
  권한 표기: rwxrwxrwx
             ↑↑↑ ↑↑↑ ↑↑↑
             소유자 그룹 기타

  r (read)    = 4 : 읽기
  w (write)   = 2 : 쓰기
  x (execute) = 1 : 실행

  예시)
    755 = rwxr-xr-x  (소유자: 7=rwx, 그룹: 5=r-x, 기타: 5=r-x)
    644 = rw-r--r--  (소유자: 6=rw-, 그룹: 4=r--, 기타: 4=r--)
    600 = rw-------  (소유자만 읽기/쓰기)
    777 = rwxrwxrwx  (모두 모든 권한 - 보안 취약, 피할 것)

[1;33m========== 1. 파일 권한 변경 실습 ==========[0m
[0;36m[INFO][0m --- 기본 생성 직후 권한 ---
-rw-r--r-- 1 ljh ljh 34  4월 19 16:04 test_file.txt
-rwxr-xr-x 1 ljh ljh 23  4월 19 16:04 test_script.sh

[0;36m[INFO][0m chmod 644 test_file.txt 실행 (rw-r--r--)
-rw-r--r-- 1 ljh ljh 34  4월 19 16:04 test_file.txt
[0;32m[OK][0m → 소유자: 읽기/쓰기, 그룹/기타: 읽기만

[0;36m[INFO][0m chmod 755 test_script.sh 실행 (rwxr-xr-x)
-rwxr-xr-x 1 ljh ljh 23  4월 19 16:04 test_script.sh
[0;32m[OK][0m → 소유자: 모든 권한, 그룹/기타: 읽기/실행

[0;36m[INFO][0m chmod 600 secret.txt 실행 (rw-------)
-rw------- 1 ljh ljh 27  4월 19 16:04 secret.txt
[0;32m[OK][0m → 소유자만 읽기/쓰기, 그룹/기타 접근 불가 (비밀 파일에 적합)

[1;33m========== 2. 디렉토리 권한 변경 실습 ==========[0m
[0;36m[INFO][0m --- 기본 생성 직후 디렉토리 권한 ---
drwx------ 2 ljh ljh 4096  4월 19 13:32 test_dir_private
drwxr-xr-x 2 ljh ljh 4096  4월 19 13:32 test_dir_public

[0;36m[INFO][0m chmod 755 test_dir_public (rwxr-xr-x)
drwxr-xr-x 2 ljh ljh 4096  4월 19 13:32 test_dir_public
[0;32m[OK][0m → 모두 진입(x)/읽기(r) 가능, 쓰기는 소유자만

[0;36m[INFO][0m chmod 700 test_dir_private (rwx------)
drwx------ 2 ljh ljh 4096  4월 19 13:32 test_dir_private
[0;32m[OK][0m → 소유자만 진입/읽기/쓰기 가능

[1;33m========== 3. 심볼릭 모드 chmod 실습 ==========[0m
[0;36m[INFO][0m 초기: -rw-r--r-- 1 ljh ljh 0  4월 19 16:04 symbolic_test.txt
[0;36m[INFO][0m chmod +x 후: -rwxr-xr-x 1 ljh ljh 0  4월 19 16:04 symbolic_test.txt
[0;36m[INFO][0m chmod -x 후: -rw-r--r-- 1 ljh ljh 0  4월 19 16:04 symbolic_test.txt
[0;36m[INFO][0m chmod o-r 후 (기타 읽기 제거): -rw-r----- 1 ljh ljh 0  4월 19 16:04 symbolic_test.txt
[0;32m[OK][0m 심볼릭 모드 실습 완료

[1;33m========== 권한 변경 전/후 비교 요약 ==========[0m
파일명                      최종 권한   설명                        
------                         --------        ----                          
test_file.txt                  644             일반 텍스트 (644)        
test_script.sh                 755             실행 스크립트 (755)     
secret.txt                     600             비밀 파일 (600)           
test_dir_public/               755             공개 디렉토리 (755)     
test_dir_private/              700             개인 디렉토리 (700)     

[0;32m[OK][0m 02_permissions.sh 완료!
  결과 위치: /home/ljh/dev-workstation/practice/permissions_test
  다음 단계: bash 03_docker_setup.sh

[1;33m========== 1. Docker 설치 여부 확인 ==========[0m
[0;32m[OK][0m Docker 설치 확인 완료

[1;33m========== 2. Docker 버전 확인 (docker --version) ==========[0m
Docker version 28.2.2, build 28.2.2-0ubuntu1~24.04.1

[0;36m[INFO][0m 상세 버전 정보:
Client:
 Version:           28.2.2
 API version:       1.50
 Go version:        go1.23.1
 Git commit:        28.2.2-0ubuntu1~24.04.1
 Built:             Wed Sep 10 14:16:39 2025
 OS/Arch:           linux/amd64
 Context:           default
(daemon 미구동 시 client 정보만 표시)

[1;33m========== 3. Docker 데몬 동작 확인 (docker info) ==========[0m
[0;31m[ERROR][0m Docker 데몬이 실행 중이지 않습니다.

데몬 시작 방법:
  Linux:  sudo systemctl start docker
  Mac:    Docker Desktop 앱 실행

[1;33m========== 1. hello-world 컨테이너 실행 ==========[0m
[0;36m[INFO][0m docker run hello-world 실행 중...
docker: permission denied while trying to connect to the Docker daemon socket at unix:///var/run/docker.sock: Head "http://%2Fvar%2Frun%2Fdocker.sock/_ping": dial unix /var/run/docker.sock: connect: permission denied

Run 'docker run --help' for more information
[0;32m[OK][0m hello-world 실행 성공 → 로그: /home/ljh/dev-workstation/logs/hello_world.log

[1;33m========== 2. ubuntu 이미지 pull ==========[0m
[0;36m[INFO][0m docker pull ubuntu:22.04 실행 중...
permission denied while trying to connect to the Docker daemon socket at unix:///var/run/docker.sock: Post "http://%2Fvar%2Frun%2Fdocker.sock/v1.50/images/create?fromImage=docker.io%2Flibrary%2Fubuntu&tag=22.04": dial unix /var/run/docker.sock: connect: permission denied

permission denied while trying to connect to the Docker daemon socket at unix:///var/run/docker.sock: Head "http://%2Fvar%2Frun%2Fdocker.sock/_ping": dial unix /var/run/docker.sock: connect: permission denied
[0;32m[OK][0m ubuntu:22.04 이미지 준비 완료

[1;33m========== 3. ubuntu 컨테이너 실행 + exec로 명령 실행 ==========[0m
docker: permission denied while trying to connect to the Docker daemon socket at unix:///var/run/docker.sock: Head "http://%2Fvar%2Frun%2Fdocker.sock/_ping": dial unix /var/run/docker.sock: connect: permission denied

Run 'docker run --help' for more information
[0;32m[OK][0m 컨테이너 시작됨 (백그라운드)
[0;36m[INFO][0m docker ps → 실행 중인 컨테이너 확인:
permission denied while trying to connect to the Docker daemon socket at unix:///var/run/docker.sock: Get "http://%2Fvar%2Frun%2Fdocker.sock/v1.50/containers/json?filters=%7B%22name%22%3A%7B%22ubuntu-practice%22%3Atrue%7D%7D": dial unix /var/run/docker.sock: connect: permission denied

[0;36m[INFO][0m docker exec로 명령 실행 (컨테이너 유지됨):
--- ls / ---
permission denied while trying to connect to the Docker daemon socket at unix:///var/run/docker.sock: Get "http://%2Fvar%2Frun%2Fdocker.sock/v1.50/containers/ubuntu-practice/json": dial unix /var/run/docker.sock: connect: permission denied

--- echo '안녕하세요 Docker!' ---
permission denied while trying to connect to the Docker daemon socket at unix:///var/run/docker.sock: Get "http://%2Fvar%2Frun%2Fdocker.sock/v1.50/containers/ubuntu-practice/json": dial unix /var/run/docker.sock: connect: permission denied

--- cat /etc/os-release ---
permission denied while trying to connect to the Docker daemon socket at unix:///var/run/docker.sock: Get "http://%2Fvar%2Frun%2Fdocker.sock/v1.50/containers/ubuntu-practice/json": dial unix /var/run/docker.sock: connect: permission denied

--- uname -a ---
permission denied while trying to connect to the Docker daemon socket at unix:///var/run/docker.sock: Get "http://%2Fvar%2Frun%2Fdocker.sock/v1.50/containers/ubuntu-practice/json": dial unix /var/run/docker.sock: connect: permission denied

[0;36m[INFO][0m exec 후 컨테이너 상태 (여전히 실행 중이어야 함):
permission denied while trying to connect to the Docker daemon socket at unix:///var/run/docker.sock: Get "http://%2Fvar%2Frun%2Fdocker.sock/v1.50/containers/json?filters=%7B%22name%22%3A%7B%22ubuntu-practice%22%3Atrue%7D%7D": dial unix /var/run/docker.sock: connect: permission denied
[0;32m[OK][0m exec 사용 시 → 컨테이너가 종료되지 않음

[1;33m========== 4. attach / exec 차이 정리 ==========[0m
  ┌──────────────────────────────────────────────────────────────┐
  │  docker exec  vs  docker attach                               │
  ├────────────────────┬─────────────────────────────────────────┤
  │  exec               │  attach                                 │
  ├────────────────────┼─────────────────────────────────────────┤
  │  새 프로세스 실행   │  기존 PID 1 프로세스에 연결             │
  │  컨테이너 유지됨    │  exit 입력 시 컨테이너 종료 가능        │
  │  권장 방식          │  PID 1이 bash가 아니면 쓰기 어려움      │
  ├────────────────────┼─────────────────────────────────────────┤
  │  docker exec -it   │  docker attach <이름>                   │
  │    <이름> bash     │  (Ctrl+P, Ctrl+Q → detach, 컨테이너 유지)│
  └────────────────────┴─────────────────────────────────────────┘

  ※ 대화형 진입 예시:
     docker exec -it ubuntu-practice bash
     → 컨테이너 내 bash 실행, exit 해도 컨테이너는 살아있음

[1;33m========== 5. 컨테이너 중지 및 삭제 ==========[0m
[0;36m[INFO][0m docker stop ubuntu-practice
permission denied while trying to connect to the Docker daemon socket at unix:///var/run/docker.sock: Post "http://%2Fvar%2Frun%2Fdocker.sock/v1.50/containers/ubuntu-practice/stop": dial unix /var/run/docker.sock: connect: permission denied
[0;36m[INFO][0m docker ps -a (중지됨 확인):
permission denied while trying to connect to the Docker daemon socket at unix:///var/run/docker.sock: Get "http://%2Fvar%2Frun%2Fdocker.sock/v1.50/containers/json?all=1&filters=%7B%22name%22%3A%7B%22ubuntu-practice%22%3Atrue%7D%7D": dial unix /var/run/docker.sock: connect: permission denied
[0;36m[INFO][0m docker rm ubuntu-practice
permission denied while trying to connect to the Docker daemon socket at unix:///var/run/docker.sock: Delete "http://%2Fvar%2Frun%2Fdocker.sock/v1.50/containers/ubuntu-practice": dial unix /var/run/docker.sock: connect: permission denied
[0;36m[INFO][0m docker ps -a (삭제됨 확인):
permission denied while trying to connect to the Docker daemon socket at unix:///var/run/docker.sock: Get "http://%2Fvar%2Frun%2Fdocker.sock/v1.50/containers/json?all=1&filters=%7B%22name%22%3A%7B%22ubuntu-practice%22%3Atrue%7D%7D": dial unix /var/run/docker.sock: connect: permission denied
[0;32m[OK][0m 컨테이너 정리 완료

[1;33m========== 6. 운영 명령 실습 (images, ps, logs, stats) ==========[0m
[0;36m[INFO][0m docker images (현재 이미지 목록):
permission denied while trying to connect to the Docker daemon socket at unix:///var/run/docker.sock: Head "http://%2Fvar%2Frun%2Fdocker.sock/_ping": dial unix /var/run/docker.sock: connect: permission denied
[0;36m[INFO][0m docker ps -a (전체 컨테이너, 현재는 없음):
permission denied while trying to connect to the Docker daemon socket at unix:///var/run/docker.sock: Get "http://%2Fvar%2Frun%2Fdocker.sock/v1.50/containers/json?all=1": dial unix /var/run/docker.sock: connect: permission denied
docker: permission denied while trying to connect to the Docker daemon socket at unix:///var/run/docker.sock: Head "http://%2Fvar%2Frun%2Fdocker.sock/_ping": dial unix /var/run/docker.sock: connect: permission denied

Run 'docker run --help' for more information

[0;36m[INFO][0m docker logs log-test:
permission denied while trying to connect to the Docker daemon socket at unix:///var/run/docker.sock: Get "http://%2Fvar%2Frun%2Fdocker.sock/v1.50/containers/log-test/json": dial unix /var/run/docker.sock: connect: permission denied
permission denied while trying to connect to the Docker daemon socket at unix:///var/run/docker.sock: Delete "http://%2Fvar%2Frun%2Fdocker.sock/v1.50/containers/log-test": dial unix /var/run/docker.sock: connect: permission denied
docker: permission denied while trying to connect to the Docker daemon socket at unix:///var/run/docker.sock: Head "http://%2Fvar%2Frun%2Fdocker.sock/_ping": dial unix /var/run/docker.sock: connect: permission denied

Run 'docker run --help' for more information

[0;36m[INFO][0m docker stats --no-stream stats-test:
permission denied while trying to connect to the Docker daemon socket at unix:///var/run/docker.sock: Get "http://%2Fvar%2Frun%2Fdocker.sock/v1.50/containers/stats-test/stats?stream=0": dial unix /var/run/docker.sock: connect: permission denied
permission denied while trying to connect to the Docker daemon socket at unix:///var/run/docker.sock: Delete "http://%2Fvar%2Frun%2Fdocker.sock/v1.50/containers/stats-test?force=1": dial unix /var/run/docker.sock: connect: permission denied
permission denied while trying to connect to the Docker daemon socket at unix:///var/run/docker.sock: Head "http://%2Fvar%2Frun%2Fdocker.sock/_ping": dial unix /var/run/docker.sock: connect: permission denied
permission denied while trying to connect to the Docker daemon socket at unix:///var/run/docker.sock: Get "http://%2Fvar%2Frun%2Fdocker.sock/v1.50/containers/json?all=1": dial unix /var/run/docker.sock: connect: permission denied
[0;32m[OK][0m 로그 저장: /home/ljh/dev-workstation/logs/docker_run.log

[0;32m[OK][0m 04_docker_run.sh 완료!
  다음 단계: bash 05_build_webserver.sh

[1;33m========== 1. 웹 서버 소스 파일 생성 ==========[0m
[0;32m[OK][0m site/index.html, site/health.html 생성 완료
[0;32m[OK][0m nginx/default.conf 생성 완료

[1;33m========== 2. Dockerfile 작성 ==========[0m
[0;36m[INFO][0m Dockerfile 내용:
# ============================================================
# 베이스: nginx:alpine (경량 웹 서버)
# 커스텀 포인트:
#   1. LABEL  - 이미지 메타데이터 추가
#   2. ENV    - 환경 변수로 실행 환경 구분
#   3. COPY   - 커스텀 정적 콘텐츠/설정 주입
#   4. EXPOSE - 컨테이너 포트 명시 (문서화 역할)
#   5. HEALTHCHECK - 컨테이너 상태 자동 점검
# ============================================================

FROM nginx:alpine

# 1. 이미지 메타데이터 (OCI 표준 라벨)
LABEL org.opencontainers.image.title="dev-workstation-web" \
      org.opencontainers.image.description="커스텀 Nginx 웹 서버" \
      org.opencontainers.image.version="1.0.0"

# 2. 환경 변수 설정 (코드와 설정 분리)
ENV APP_ENV=dev \
    APP_NAME="Dev Workstation" \
    NGINX_PORT=80

# 3-a. 커스텀 Nginx 설정 복사 (기본 설정 교체)
COPY nginx/default.conf /etc/nginx/conf.d/default.conf

# 3-b. 정적 콘텐츠 복사
COPY site/ /usr/share/nginx/html/

# 4. 컨테이너 사용 포트 명시 (docker run -p의 대상)
EXPOSE 80

# 5. 헬스체크: 30초마다 /health 엔드포인트 확인
HEALTHCHECK --interval=30s --timeout=5s --start-period=5s --retries=3 \
  CMD wget -qO- http://localhost/health || exit 1

# 기본 실행 명령 (nginx:alpine 기본값 유지)
CMD ["nginx", "-g", "daemon off;"]
[0;32m[OK][0m Dockerfile 생성 완료

[1;33m========== 3. 이미지 빌드 (docker build) ==========[0m
[0;36m[INFO][0m 빌드 시작: my-web:1.0
DEPRECATED: The legacy builder is deprecated and will be removed in a future release.
            Install the buildx component to build images with BuildKit:
            https://docs.docker.com/go/buildx/

permission denied while trying to connect to the Docker daemon socket at unix:///var/run/docker.sock: Post "http://%2Fvar%2Frun%2Fdocker.sock/v1.50/build?dockerfile=Dockerfile&t=my-web%3A1.0&version=1": dial unix /var/run/docker.sock: connect: permission denied

[0;36m[INFO][0m 빌드된 이미지 확인:
permission denied while trying to connect to the Docker daemon socket at unix:///var/run/docker.sock: Head "http://%2Fvar%2Frun%2Fdocker.sock/_ping": dial unix /var/run/docker.sock: connect: permission denied
[0;32m[OK][0m 이미지 빌드 완료

[1;33m========== 4. 컨테이너 실행 - 포트 매핑 8080:80 ==========[0m
docker: permission denied while trying to connect to the Docker daemon socket at unix:///var/run/docker.sock: Head "http://%2Fvar%2Frun%2Fdocker.sock/_ping": dial unix /var/run/docker.sock: connect: permission denied

Run 'docker run --help' for more information
[0;36m[INFO][0m 실행 중인 컨테이너:
permission denied while trying to connect to the Docker daemon socket at unix:///var/run/docker.sock: Get "http://%2Fvar%2Frun%2Fdocker.sock/v1.50/containers/json?filters=%7B%22name%22%3A%7B%22my-web-8080%22%3Atrue%7D%7D": dial unix /var/run/docker.sock: connect: permission denied

[0;36m[INFO][0m 포트 매핑 확인:
permission denied while trying to connect to the Docker daemon socket at unix:///var/run/docker.sock: Get "http://%2Fvar%2Frun%2Fdocker.sock/v1.50/containers/my-web-8080/json": dial unix /var/run/docker.sock: connect: permission denied

[0;36m[INFO][0m 컨테이너 접속 테스트 (curl):
<!DOCTYPE html>
<html lang="ko">
<head>
  <meta charset="UTF-8">
  <meta name="viewport" content="width=device-width, initial-scale=1.0">
  <title>Dev Workstation</title>
  <style>
    * { margin: 0; padding: 0; box-sizing: border-box; }
    body {
      font-family: 'Segoe UI', system-ui, sans-serif;
      background: #0f172a;
      color: #e2e8f0;
      display: flex;
      align-items: center;
      justify-content: center;
      min-height: 100vh;
    }
    .card {
      background: #1e293b;
      border: 1px solid #334155;
      border-radius: 16px;
      padding: 48px 64px;
      text-align: center;
      max-width: 520px;
    }
    .badge {
      display: inline-block;
      background: #0ea5e9;
      color: #fff;
      font-size: 12px;
      font-weight: 600;
      padding: 4px 12px;
      border-radius: 99px;
      margin-bottom: 20px;
      letter-spacing: 0.05em;
    }
    h1 { font-size: 2rem; font-weight: 700; color: #f8fafc; margin-bottom: 12px; }
    p  { color: #94a3b8; line-height: 1.6; margin-bottom: 24px; }
    .info-grid {
      display: grid;
      grid-template-columns: 1fr 1fr;
      gap: 12px;
      text-align: left;
    }
    .info-item {
      background: #0f172a;
      border-radius: 8px;
      padding: 12px 16px;
    }
    .info-label { font-size: 11px; color: #64748b; text-transform: uppercase; letter-spacing: 0.08em; }
    .info-value { font-size: 14px; color: #38bdf8; font-weight: 600; margin-top: 2px; }
  </style>
</head>
<body>
  <div class="card">
    <span class="badge">DOCKER RUNNING</span>
    <h1>Dev Workstation</h1>
    <p>Nginx 기반 커스텀 Docker 이미지<br>포트 매핑: 8080 → 80</p>
    <div class="info-grid">
      <div class="info-item">
        <div class="info-label">Base Image</div>
        <div class="info-value">nginx:alpine</div>
      </div>
      <div class="info-item">
        <div class="info-label">Port</div>
        <div class="info-value">8080 → 80</div>
      </div>
      <div class="info-item">
        <div class="info-label">Environment</div>
        <div class="info-value">APP_ENV=dev</div>
      </div>
      <div class="info-item">
        <div class="info-label">Server</div>
        <div class="info-value">nginx/alpine</div>
      </div>
    </div>
  </div>
</body>
</html>
curl: unknown --write-out variable: 'header_server'


HTTP Status: 200
Server: 
[0;32m[OK][0m 포트 8080 접속 성공

[1;33m========== 5. 두 번째 컨테이너 실행 - 포트 8081:80 ==========[0m
docker: permission denied while trying to connect to the Docker daemon socket at unix:///var/run/docker.sock: Head "http://%2Fvar%2Frun%2Fdocker.sock/_ping": dial unix /var/run/docker.sock: connect: permission denied

Run 'docker run --help' for more information
