=== 웹 서버 빌드/실행 로그 ===
일시: 2026. 04. 24. (금) 16:45:24 KST

--- 이미지 목록 ---
REPOSITORY   TAG       IMAGE ID       CREATED         SIZE
my-web       1.0       db59c963e9f9   3 seconds ago   62.2MB

--- 실행 중인 컨테이너 ---
CONTAINER ID   IMAGE        COMMAND                   CREATED         STATUS                            PORTS                                     NAMES
e8bc63c350fa   my-web:1.0   "/docker-entrypoint.…"   1 second ago    Up 1 second (health: starting)    0.0.0.0:8081->80/tcp, [::]:8081->80/tcp   my-web-8081
bd8ca1a337da   my-web:1.0   "/docker-entrypoint.…"   3 seconds ago   Up 2 seconds (health: starting)   0.0.0.0:8080->80/tcp, [::]:8080->80/tcp   my-web-8080

--- 포트 매핑 ---
my-web-8080: 80/tcp -> 0.0.0.0:8080
80/tcp -> [::]:8080
my-web-8081: 80/tcp -> 0.0.0.0:8081
80/tcp -> [::]:8081

--- curl 응답 ---
<!DOCTYPE html>
<html lang="ko">
<head>
  <meta charset="UTF-8">
  <meta name="viewport" content="width=device-width, initial-scale=1.0">
  <title>Dev Workstation</title>
  <style>
    * { margin: 0; padding: 0; box-sizing: border-box; }
    body {
      font-family: 'Segoe UI', system-ui, sans-serif;
      background: #0f172a;
      color: #e2e8f0;
      display: flex;
      align-items: center;
      justify-content: center;
      min-height: 100vh;
    }
    .card {
      background: #1e293b;
      border: 1px solid #334155;
      border-radius: 16px;
      padding: 48px 64px;
      text-align: center;
      max-width: 520px;
    }
    .badge {
      display: inline-block;
      background: #0ea5e9;
      color: #fff;
      font-size: 12px;
      font-weight: 600;
      padding: 4px 12px;
      border-radius: 99px;
      margin-bottom: 20px;
      letter-spacing: 0.05em;
    }
    h1 { font-size: 2rem; font-weight: 700; color: #f8fafc; margin-bottom: 12px; }
    p  { color: #94a3b8; line-height: 1.6; margin-bottom: 24px; }
    .info-grid {
      display: grid;
      grid-template-columns: 1fr 1fr;
      gap: 12px;
      text-align: left;
    }
    .info-item {
      background: #0f172a;
      border-radius: 8px;
      padding: 12px 16px;
    }
    .info-label { font-size: 11px; color: #64748b; text-transform: uppercase; letter-spacing: 0.08em; }
    .info-value { font-size: 14px; color: #38bdf8; font-weight: 600; margin-top: 2px; }
  </style>
</head>
<body>
  <div class="card">
    <span class="badge">DOCKER RUNNING</span>
    <h1>Dev Workstation</h1>
    <p>Nginx 기반 커스텀 Docker 이미지<br>포트 매핑: 8080 → 80</p>
    <div class="info-grid">
      <div class="info-item">
        <div class="info-label">Base Image</div>
        <div class="info-value">nginx:alpine</div>
      </div>
      <div class="info-item">
        <div class="info-label">Port</div>
        <div class="info-value">8080 → 80</div>
      </div>
      <div class="info-item">
        <div class="info-label">Environment</div>
        <div class="info-value">APP_ENV=dev</div>
      </div>
      <div class="info-item">
        <div class="info-label">Server</div>
        <div class="info-value">nginx/alpine</div>
      </div>
    </div>
  </div>
</body>
</html>

HTTP Status: 200